<?xml version="1.0" encoding="utf-8"?>
<TestRun id="cc7194f6-c4b9-47e1-a912-bc06a30ebf2b" name="Alucard30Dec@ALUCARD 2026-04-06 12:34:15" runUser="ALUCARD\Alucard30Dec" xmlns="http://microsoft.com/schemas/VisualStudio/TeamTest/2010">
  <Times creation="2026-04-06T12:34:15.2800064+07:00" queuing="2026-04-06T12:34:15.2800068+07:00" start="2026-04-06T12:34:02.3398544+07:00" finish="2026-04-06T12:34:15.2881049+07:00" />
  <TestSettings name="default" id="e837b7c9-2338-43c0-8cbb-71ca3c0c5563">
    <Deployment runDeploymentRoot="Alucard30Dec_ALUCARD_2026-04-06_12_34_15" />
  </TestSettings>
  <Results>
    <UnitTestResult executionId="92e1e658-2b95-4b5a-aa25-4dbcfe514617" testId="5a0155b9-75cd-20c6-4de8-bc36123b5f0a" testName="OSMS.UITests.Tests.PurchaseFlowTests.PrivilegedUserCanCreateDraftPurchase" computerName="ALUCARD" duration="00:00:12.1177232" startTime="2026-04-06T12:34:15.1834864+07:00" endTime="2026-04-06T12:34:15.1835116+07:00" testType="13cdc9d9-ddb5-4fa4-a97d-d965ccfc6d4b" outcome="Passed" testListId="8c84fa94-04c1-424b-9868-57a2d4851a1d" relativeResultsDirectory="92e1e658-2b95-4b5a-aa25-4dbcfe514617" />
  </Results>
  <TestDefinitions>
    <UnitTest name="OSMS.UITests.Tests.PurchaseFlowTests.PrivilegedUserCanCreateDraftPurchase" storage="e:\project\online-sales-management-system\report test subject\automation\ui\osms.uitests\bin\debug\net8.0\osms.uitests.dll" id="5a0155b9-75cd-20c6-4de8-bc36123b5f0a">
      <Execution id="92e1e658-2b95-4b5a-aa25-4dbcfe514617" />
      <TestMethod codeBase="E:\Project\Online-Sales-Management-System\Report Test subject\automation\ui\OSMS.UITests\bin\Debug\net8.0\OSMS.UITests.dll" adapterTypeName="executor://xunit/VsTestRunner2/netcoreapp" className="OSMS.UITests.Tests.PurchaseFlowTests" name="PrivilegedUserCanCreateDraftPurchase" />
    </UnitTest>
  </TestDefinitions>
  <TestEntries>
    <TestEntry testId="5a0155b9-75cd-20c6-4de8-bc36123b5f0a" executionId="92e1e658-2b95-4b5a-aa25-4dbcfe514617" testListId="8c84fa94-04c1-424b-9868-57a2d4851a1d" />
  </TestEntries>
  <TestLists>
    <TestList name="Results Not in a List" id="8c84fa94-04c1-424b-9868-57a2d4851a1d" />
    <TestList name="All Loaded Results" id="19431567-8539-422a-85d7-44ee4e166bda" />
  </TestLists>
  <ResultSummary outcome="Completed">
    <Counters total="1" executed="1" passed="1" failed="0" error="0" timeout="0" aborted="0" inconclusive="0" passedButRunAborted="0" notRunnable="0" notExecuted="0" disconnected="0" warning="0" completed="0" inProgress="0" pending="0" />
    <Output>
      <StdOut>[xUnit.net 00:00:00.00] xUnit.net VSTest Adapter v2.5.3.1+6b60a9e56a (64-bit .NET 8.0.22)&#xD;
[xUnit.net 00:00:00.10]   Discovering: OSMS.UITests&#xD;
[xUnit.net 00:00:00.15]   Discovered:  OSMS.UITests&#xD;
[xUnit.net 00:00:00.16]   Starting:    OSMS.UITests&#xD;
[xUnit.net 00:00:12.33]   Finished:    OSMS.UITests&#xD;
</StdOut>
    </Output>
  </ResultSummary>
</TestRun>