<?xml version="1.0" encoding="utf-8"?>
<TestRun id="1d38652d-fcba-4b4d-ac93-563aa509ab49" name="Alucard30Dec@ALUCARD 2026-04-10 18:26:18" runUser="ALUCARD\Alucard30Dec" xmlns="http://microsoft.com/schemas/VisualStudio/TeamTest/2010">
  <Times creation="2026-04-10T18:26:18.1997110+07:00" queuing="2026-04-10T18:26:18.1997114+07:00" start="2026-04-10T18:26:04.0701379+07:00" finish="2026-04-10T18:27:02.1364603+07:00" />
  <TestSettings name="default" id="117ee1f2-9cdd-4d24-9936-6b8ae7234174">
    <Deployment runDeploymentRoot="Alucard30Dec_ALUCARD_2026-04-10_18_26_18" />
  </TestSettings>
  <Results>
    <UnitTestResult executionId="f0edd8f7-104d-4ec3-b5b0-b690b4369626" testId="b7f58b41-a00c-e93c-e2cc-131bf3b989e0" testName="OSMS.UITests.Tests.AdminAndCustomerCoverageTests.CustomerCreateRejectsMissingName" computerName="ALUCARD" duration="00:00:09.7132018" startTime="2026-04-10T18:27:02.0642781+07:00" endTime="2026-04-10T18:27:02.0642783+07:00" testType="13cdc9d9-ddb5-4fa4-a97d-d965ccfc6d4b" outcome="Passed" testListId="8c84fa94-04c1-424b-9868-57a2d4851a1d" relativeResultsDirectory="f0edd8f7-104d-4ec3-b5b0-b690b4369626" />
    <UnitTestResult executionId="16f33695-7eae-47fd-8a6a-1dd10bbf33cb" testId="8ccfd3e6-9962-7429-bd7b-4bbc80f2e543" testName="OSMS.UITests.Tests.AdminAndCustomerCoverageTests.CustomerCreateRejectsInvalidEmailFormat" computerName="ALUCARD" duration="00:00:09.0091763" startTime="2026-04-10T18:26:40.0795249+07:00" endTime="2026-04-10T18:26:40.0795251+07:00" testType="13cdc9d9-ddb5-4fa4-a97d-d965ccfc6d4b" outcome="Passed" testListId="8c84fa94-04c1-424b-9868-57a2d4851a1d" relativeResultsDirectory="16f33695-7eae-47fd-8a6a-1dd10bbf33cb" />
    <UnitTestResult executionId="0b28770f-71b3-4016-bbec-aec840abdedf" testId="6ecfb4fd-b944-0e61-c0cb-ba805a2790a7" testName="OSMS.UITests.Tests.AdminAndCustomerCoverageTests.CurrentAdminCannotDeactivateOwnAccount" computerName="ALUCARD" duration="00:00:12.8838531" startTime="2026-04-10T18:26:31.0684687+07:00" endTime="2026-04-10T18:26:31.0684690+07:00" testType="13cdc9d9-ddb5-4fa4-a97d-d965ccfc6d4b" outcome="Passed" testListId="8c84fa94-04c1-424b-9868-57a2d4851a1d" relativeResultsDirectory="0b28770f-71b3-4016-bbec-aec840abdedf" />
    <UnitTestResult executionId="95d42ec3-4942-461b-a255-b36541f2dee4" testId="9aefa231-9f57-1220-861e-5e05b4fc5423" testName="OSMS.UITests.Tests.AdminAndCustomerCoverageTests.CreateAdminSucceedsWithValidGroupAssignment" computerName="ALUCARD" duration="00:00:13.3687305" startTime="2026-04-10T18:26:18.1704411+07:00" endTime="2026-04-10T18:26:18.1704673+07:00" testType="13cdc9d9-ddb5-4fa4-a97d-d965ccfc6d4b" outcome="Passed" testListId="8c84fa94-04c1-424b-9868-57a2d4851a1d" relativeResultsDirectory="95d42ec3-4942-461b-a255-b36541f2dee4" />
    <UnitTestResult executionId="aaf59cd0-f8f1-494e-a92b-1307e5f7193d" testId="dffe771f-cc1a-89ee-f96b-5a1135af2351" testName="OSMS.UITests.Tests.AdminAndCustomerCoverageTests.InactiveAdminAccountCannotLogIn" computerName="ALUCARD" duration="00:00:12.2703355" startTime="2026-04-10T18:26:52.3505117+07:00" endTime="2026-04-10T18:26:52.3505119+07:00" testType="13cdc9d9-ddb5-4fa4-a97d-d965ccfc6d4b" outcome="Passed" testListId="8c84fa94-04c1-424b-9868-57a2d4851a1d" relativeResultsDirectory="aaf59cd0-f8f1-494e-a92b-1307e5f7193d" />
  </Results>
  <TestDefinitions>
    <UnitTest name="OSMS.UITests.Tests.AdminAndCustomerCoverageTests.CurrentAdminCannotDeactivateOwnAccount" storage="e:\project\online-sales-management-system\report test subject\powered by gpt\testscript-data\automation\ui\osms.uitests\bin\debug\net8.0\osms.uitests.dll" id="6ecfb4fd-b944-0e61-c0cb-ba805a2790a7">
      <Execution id="0b28770f-71b3-4016-bbec-aec840abdedf" />
      <TestMethod codeBase="E:\Project\Online-Sales-Management-System\Report Test subject\Powered by GPT\TestScript-Data\Automation\ui\OSMS.UITests\bin\Debug\net8.0\OSMS.UITests.dll" adapterTypeName="executor://xunit/VsTestRunner2/netcoreapp" className="OSMS.UITests.Tests.AdminAndCustomerCoverageTests" name="CurrentAdminCannotDeactivateOwnAccount" />
    </UnitTest>
    <UnitTest name="OSMS.UITests.Tests.AdminAndCustomerCoverageTests.CreateAdminSucceedsWithValidGroupAssignment" storage="e:\project\online-sales-management-system\report test subject\powered by gpt\testscript-data\automation\ui\osms.uitests\bin\debug\net8.0\osms.uitests.dll" id="9aefa231-9f57-1220-861e-5e05b4fc5423">
      <Execution id="95d42ec3-4942-461b-a255-b36541f2dee4" />
      <TestMethod codeBase="E:\Project\Online-Sales-Management-System\Report Test subject\Powered by GPT\TestScript-Data\Automation\ui\OSMS.UITests\bin\Debug\net8.0\OSMS.UITests.dll" adapterTypeName="executor://xunit/VsTestRunner2/netcoreapp" className="OSMS.UITests.Tests.AdminAndCustomerCoverageTests" name="CreateAdminSucceedsWithValidGroupAssignment" />
    </UnitTest>
    <UnitTest name="OSMS.UITests.Tests.AdminAndCustomerCoverageTests.CustomerCreateRejectsInvalidEmailFormat" storage="e:\project\online-sales-management-system\report test subject\powered by gpt\testscript-data\automation\ui\osms.uitests\bin\debug\net8.0\osms.uitests.dll" id="8ccfd3e6-9962-7429-bd7b-4bbc80f2e543">
      <Execution id="16f33695-7eae-47fd-8a6a-1dd10bbf33cb" />
      <TestMethod codeBase="E:\Project\Online-Sales-Management-System\Report Test subject\Powered by GPT\TestScript-Data\Automation\ui\OSMS.UITests\bin\Debug\net8.0\OSMS.UITests.dll" adapterTypeName="executor://xunit/VsTestRunner2/netcoreapp" className="OSMS.UITests.Tests.AdminAndCustomerCoverageTests" name="CustomerCreateRejectsInvalidEmailFormat" />
    </UnitTest>
    <UnitTest name="OSMS.UITests.Tests.AdminAndCustomerCoverageTests.InactiveAdminAccountCannotLogIn" storage="e:\project\online-sales-management-system\report test subject\powered by gpt\testscript-data\automation\ui\osms.uitests\bin\debug\net8.0\osms.uitests.dll" id="dffe771f-cc1a-89ee-f96b-5a1135af2351">
      <Execution id="aaf59cd0-f8f1-494e-a92b-1307e5f7193d" />
      <TestMethod codeBase="E:\Project\Online-Sales-Management-System\Report Test subject\Powered by GPT\TestScript-Data\Automation\ui\OSMS.UITests\bin\Debug\net8.0\OSMS.UITests.dll" adapterTypeName="executor://xunit/VsTestRunner2/netcoreapp" className="OSMS.UITests.Tests.AdminAndCustomerCoverageTests" name="InactiveAdminAccountCannotLogIn" />
    </UnitTest>
    <UnitTest name="OSMS.UITests.Tests.AdminAndCustomerCoverageTests.CustomerCreateRejectsMissingName" storage="e:\project\online-sales-management-system\report test subject\powered by gpt\testscript-data\automation\ui\osms.uitests\bin\debug\net8.0\osms.uitests.dll" id="b7f58b41-a00c-e93c-e2cc-131bf3b989e0">
      <Execution id="f0edd8f7-104d-4ec3-b5b0-b690b4369626" />
      <TestMethod codeBase="E:\Project\Online-Sales-Management-System\Report Test subject\Powered by GPT\TestScript-Data\Automation\ui\OSMS.UITests\bin\Debug\net8.0\OSMS.UITests.dll" adapterTypeName="executor://xunit/VsTestRunner2/netcoreapp" className="OSMS.UITests.Tests.AdminAndCustomerCoverageTests" name="CustomerCreateRejectsMissingName" />
    </UnitTest>
  </TestDefinitions>
  <TestEntries>
    <TestEntry testId="b7f58b41-a00c-e93c-e2cc-131bf3b989e0" executionId="f0edd8f7-104d-4ec3-b5b0-b690b4369626" testListId="8c84fa94-04c1-424b-9868-57a2d4851a1d" />
    <TestEntry testId="8ccfd3e6-9962-7429-bd7b-4bbc80f2e543" executionId="16f33695-7eae-47fd-8a6a-1dd10bbf33cb" testListId="8c84fa94-04c1-424b-9868-57a2d4851a1d" />
    <TestEntry testId="6ecfb4fd-b944-0e61-c0cb-ba805a2790a7" executionId="0b28770f-71b3-4016-bbec-aec840abdedf" testListId="8c84fa94-04c1-424b-9868-57a2d4851a1d" />
    <TestEntry testId="9aefa231-9f57-1220-861e-5e05b4fc5423" executionId="95d42ec3-4942-461b-a255-b36541f2dee4" testListId="8c84fa94-04c1-424b-9868-57a2d4851a1d" />
    <TestEntry testId="dffe771f-cc1a-89ee-f96b-5a1135af2351" executionId="aaf59cd0-f8f1-494e-a92b-1307e5f7193d" testListId="8c84fa94-04c1-424b-9868-57a2d4851a1d" />
  </TestEntries>
  <TestLists>
    <TestList name="Results Not in a List" id="8c84fa94-04c1-424b-9868-57a2d4851a1d" />
    <TestList name="All Loaded Results" id="19431567-8539-422a-85d7-44ee4e166bda" />
  </TestLists>
  <ResultSummary outcome="Completed">
    <Counters total="5" executed="5" passed="5" failed="0" error="0" timeout="0" aborted="0" inconclusive="0" passedButRunAborted="0" notRunnable="0" notExecuted="0" disconnected="0" warning="0" completed="0" inProgress="0" pending="0" />
    <Output>
      <StdOut>[xUnit.net 00:00:00.00] xUnit.net VSTest Adapter v2.5.3.1+6b60a9e56a (64-bit .NET 8.0.22)&#xD;
[xUnit.net 00:00:00.12]   Discovering: OSMS.UITests&#xD;
[xUnit.net 00:00:00.18]   Discovered:  OSMS.UITests&#xD;
[xUnit.net 00:00:00.18]   Starting:    OSMS.UITests&#xD;
[xUnit.net 00:00:57.50]   Finished:    OSMS.UITests&#xD;
</StdOut>
    </Output>
  </ResultSummary>
</TestRun>