<?xml version="1.0" encoding="utf-8"?>
<TestRun id="b84fd2be-5c1c-4d1d-9793-c5aed62ad4c5" name="Alucard30Dec@ALUCARD 2026-04-11 21:35:49" runUser="ALUCARD\Alucard30Dec" xmlns="http://microsoft.com/schemas/VisualStudio/TeamTest/2010">
  <Times creation="2026-04-11T21:35:49.1538153+07:00" queuing="2026-04-11T21:35:49.1538156+07:00" start="2026-04-11T21:35:23.5547122+07:00" finish="2026-04-11T21:35:49.1592837+07:00" />
  <TestSettings name="default" id="9af0db28-0d24-40be-9008-0f36cb9414f1">
    <Deployment runDeploymentRoot="Alucard30Dec_ALUCARD_2026-04-11_21_35_49" />
  </TestSettings>
  <Results>
    <UnitTestResult executionId="4ffd11a7-3e8d-4525-91e9-ff09303eaacf" testId="62dd3a14-3fd3-510f-4991-c44358c3c3fb" testName="OSMS.UITests.Tests.ReportingPublicInvoiceCoverageTests.CancellingInvoiceMarksItCancelledAndCreatesStockReturnMovement" computerName="ALUCARD" duration="00:00:24.6654582" startTime="2026-04-11T21:35:49.0598207+07:00" endTime="2026-04-11T21:35:49.0598456+07:00" testType="13cdc9d9-ddb5-4fa4-a97d-d965ccfc6d4b" outcome="Failed" testListId="8c84fa94-04c1-424b-9868-57a2d4851a1d" relativeResultsDirectory="4ffd11a7-3e8d-4525-91e9-ff09303eaacf">
      <Output>
        <ErrorInfo>
          <Message>OpenQA.Selenium.WebDriverTimeoutException : Timed out after 15 seconds</Message>
          <StackTrace>   at OpenQA.Selenium.Support.UI.DefaultWait`1.ThrowTimeoutException(String exceptionMessage, Exception lastException)&#xD;
   at OpenQA.Selenium.Support.UI.DefaultWait`1.Until[TResult](Func`2 condition, CancellationToken token)&#xD;
   at OpenQA.Selenium.Support.UI.DefaultWait`1.Until[TResult](Func`2 condition)&#xD;
   at OSMS.UITests.Support.WaitHelper.BodyContains(String text) in E:\Project\Online-Sales-Management-System\Report Test subject\Powered by GPT\TestScript-Data\Automation\ui\OSMS.UITests\Support\WaitHelper.cs:line 80&#xD;
   at OSMS.UITests.Tests.ReportingPublicInvoiceCoverageTests.&lt;CancellingInvoiceMarksItCancelledAndCreatesStockReturnMovement&gt;b__8_0() in E:\Project\Online-Sales-Management-System\Report Test subject\Powered by GPT\TestScript-Data\Automation\ui\OSMS.UITests\Tests\ReportingPublicInvoiceCoverageTests.cs:line 242&#xD;
   at OSMS.UITests.Support.UiTestBase.ExecuteWithFailureCapture(String name, Action action) in E:\Project\Online-Sales-Management-System\Report Test subject\Powered by GPT\TestScript-Data\Automation\ui\OSMS.UITests\Support\UiTestBase.cs:line 46&#xD;
   at OSMS.UITests.Tests.ReportingPublicInvoiceCoverageTests.CancellingInvoiceMarksItCancelledAndCreatesStockReturnMovement() in E:\Project\Online-Sales-Management-System\Report Test subject\Powered by GPT\TestScript-Data\Automation\ui\OSMS.UITests\Tests\ReportingPublicInvoiceCoverageTests.cs:line 226&#xD;
   at System.RuntimeMethodHandle.InvokeMethod(Object target, Void** arguments, Signature sig, Boolean isConstructor)&#xD;
   at System.Reflection.MethodBaseInvoker.InvokeWithNoArgs(Object obj, BindingFlags invokeAttr)</StackTrace>
        </ErrorInfo>
      </Output>
    </UnitTestResult>
  </Results>
  <TestDefinitions>
    <UnitTest name="OSMS.UITests.Tests.ReportingPublicInvoiceCoverageTests.CancellingInvoiceMarksItCancelledAndCreatesStockReturnMovement" storage="e:\project\online-sales-management-system\report test subject\powered by gpt\testscript-data\automation\ui\osms.uitests\bin\debug\net8.0\osms.uitests.dll" id="62dd3a14-3fd3-510f-4991-c44358c3c3fb">
      <Execution id="4ffd11a7-3e8d-4525-91e9-ff09303eaacf" />
      <TestMethod codeBase="E:\Project\Online-Sales-Management-System\Report Test subject\Powered by GPT\TestScript-Data\Automation\ui\OSMS.UITests\bin\Debug\net8.0\OSMS.UITests.dll" adapterTypeName="executor://xunit/VsTestRunner2/netcoreapp" className="OSMS.UITests.Tests.ReportingPublicInvoiceCoverageTests" name="CancellingInvoiceMarksItCancelledAndCreatesStockReturnMovement" />
    </UnitTest>
  </TestDefinitions>
  <TestEntries>
    <TestEntry testId="62dd3a14-3fd3-510f-4991-c44358c3c3fb" executionId="4ffd11a7-3e8d-4525-91e9-ff09303eaacf" testListId="8c84fa94-04c1-424b-9868-57a2d4851a1d" />
  </TestEntries>
  <TestLists>
    <TestList name="Results Not in a List" id="8c84fa94-04c1-424b-9868-57a2d4851a1d" />
    <TestList name="All Loaded Results" id="19431567-8539-422a-85d7-44ee4e166bda" />
  </TestLists>
  <ResultSummary outcome="Failed">
    <Counters total="1" executed="1" passed="0" failed="1" error="0" timeout="0" aborted="0" inconclusive="0" passedButRunAborted="0" notRunnable="0" notExecuted="0" disconnected="0" warning="0" completed="0" inProgress="0" pending="0" />
    <Output>
      <StdOut>[xUnit.net 00:00:00.00] xUnit.net VSTest Adapter v2.5.3.1+6b60a9e56a (64-bit .NET 8.0.22)&#xD;
[xUnit.net 00:00:00.12]   Discovering: OSMS.UITests&#xD;
[xUnit.net 00:00:00.20]   Discovered:  OSMS.UITests&#xD;
[xUnit.net 00:00:00.21]   Starting:    OSMS.UITests&#xD;
[xUnit.net 00:00:24.93]       OpenQA.Selenium.WebDriverTimeoutException : Timed out after 15 seconds&#xD;
[xUnit.net 00:00:24.93]       Stack Trace:&#xD;
[xUnit.net 00:00:24.93]            at OpenQA.Selenium.Support.UI.DefaultWait`1.ThrowTimeoutException(String exceptionMessage, Exception lastException)&#xD;
[xUnit.net 00:00:24.93]            at OpenQA.Selenium.Support.UI.DefaultWait`1.Until[TResult](Func`2 condition, CancellationToken token)&#xD;
[xUnit.net 00:00:24.93]            at OpenQA.Selenium.Support.UI.DefaultWait`1.Until[TResult](Func`2 condition)&#xD;
[xUnit.net 00:00:24.93]         E:\Project\Online-Sales-Management-System\Report Test subject\Powered by GPT\TestScript-Data\Automation\ui\OSMS.UITests\Support\WaitHelper.cs(80,0): at OSMS.UITests.Support.WaitHelper.BodyContains(String text)&#xD;
[xUnit.net 00:00:24.93]         E:\Project\Online-Sales-Management-System\Report Test subject\Powered by GPT\TestScript-Data\Automation\ui\OSMS.UITests\Tests\ReportingPublicInvoiceCoverageTests.cs(242,0): at OSMS.UITests.Tests.ReportingPublicInvoiceCoverageTests.&lt;CancellingInvoiceMarksItCancelledAndCreatesStockReturnMovement&gt;b__8_0()&#xD;
[xUnit.net 00:00:24.93]         E:\Project\Online-Sales-Management-System\Report Test subject\Powered by GPT\TestScript-Data\Automation\ui\OSMS.UITests\Support\UiTestBase.cs(46,0): at OSMS.UITests.Support.UiTestBase.ExecuteWithFailureCapture(String name, Action action)&#xD;
[xUnit.net 00:00:24.93]         E:\Project\Online-Sales-Management-System\Report Test subject\Powered by GPT\TestScript-Data\Automation\ui\OSMS.UITests\Tests\ReportingPublicInvoiceCoverageTests.cs(226,0): at OSMS.UITests.Tests.ReportingPublicInvoiceCoverageTests.CancellingInvoiceMarksItCancelledAndCreatesStockReturnMovement()&#xD;
[xUnit.net 00:00:24.93]            at System.RuntimeMethodHandle.InvokeMethod(Object target, Void** arguments, Signature sig, Boolean isConstructor)&#xD;
[xUnit.net 00:00:24.93]            at System.Reflection.MethodBaseInvoker.InvokeWithNoArgs(Object obj, BindingFlags invokeAttr)&#xD;
[xUnit.net 00:00:24.94]   Finished:    OSMS.UITests&#xD;
</StdOut>
    </Output>
    <RunInfos>
      <RunInfo computerName="ALUCARD" outcome="Error" timestamp="2026-04-11T21:35:49.0570784+07:00">
        <Text>[xUnit.net 00:00:24.93]     OSMS.UITests.Tests.ReportingPublicInvoiceCoverageTests.CancellingInvoiceMarksItCancelledAndCreatesStockReturnMovement [FAIL]</Text>
      </RunInfo>
    </RunInfos>
  </ResultSummary>
</TestRun>