<?xml version="1.0" encoding="utf-8"?>
<TestRun id="b2a63ec3-fb0f-4624-aedc-28cfe97c8f06" name="Alucard30Dec@ALUCARD 2026-04-11 22:32:02" runUser="ALUCARD\Alucard30Dec" xmlns="http://microsoft.com/schemas/VisualStudio/TeamTest/2010">
  <Times creation="2026-04-11T22:32:02.5832989+07:00" queuing="2026-04-11T22:32:02.5832992+07:00" start="2026-04-11T22:31:39.8098808+07:00" finish="2026-04-11T22:32:02.6007293+07:00" />
  <TestSettings name="default" id="7cc19cb0-e943-4966-9df4-1b45afb0b916">
    <Deployment runDeploymentRoot="Alucard30Dec_ALUCARD_2026-04-11_22_32_02" />
  </TestSettings>
  <Results>
    <UnitTestResult executionId="b56af133-8df0-4060-ae82-b4dd770459f0" testId="0dadd6a6-7976-33bb-c30e-075cf40852a5" testName="OSMS.UITests.Tests.ProductImportTests.ProductImportPreviewShowsExpectedValidAndInvalidCounts" computerName="ALUCARD" duration="00:00:21.9189212" startTime="2026-04-11T22:32:02.4795842+07:00" endTime="2026-04-11T22:32:02.4796105+07:00" testType="13cdc9d9-ddb5-4fa4-a97d-d965ccfc6d4b" outcome="Failed" testListId="8c84fa94-04c1-424b-9868-57a2d4851a1d" relativeResultsDirectory="b56af133-8df0-4060-ae82-b4dd770459f0">
      <Output>
        <ErrorInfo>
          <Message>OpenQA.Selenium.WebDriverTimeoutException : Timed out after 15 seconds</Message>
          <StackTrace>   at OpenQA.Selenium.Support.UI.DefaultWait`1.ThrowTimeoutException(String exceptionMessage, Exception lastException)&#xD;
   at OpenQA.Selenium.Support.UI.DefaultWait`1.Until[TResult](Func`2 condition, CancellationToken token)&#xD;
   at OpenQA.Selenium.Support.UI.DefaultWait`1.Until[TResult](Func`2 condition)&#xD;
   at OSMS.UITests.Support.WaitHelper.UrlContains(String fragment) in E:\Project\Online-Sales-Management-System\Report Test subject\SV00123-ATU-A01\TestScript-Data\Automation\ui\OSMS.UITests\Support\WaitHelper.cs:line 75&#xD;
   at OSMS.UITests.Pages.ProductImportPage.Open() in E:\Project\Online-Sales-Management-System\Report Test subject\SV00123-ATU-A01\TestScript-Data\Automation\ui\OSMS.UITests\Pages\ProductImportPage.cs:line 19&#xD;
   at OSMS.UITests.Tests.ProductImportTests.&lt;ProductImportPreviewShowsExpectedValidAndInvalidCounts&gt;b__0_0() in E:\Project\Online-Sales-Management-System\Report Test subject\SV00123-ATU-A01\TestScript-Data\Automation\ui\OSMS.UITests\Tests\ProductImportTests.cs:line 21&#xD;
   at OSMS.UITests.Support.UiTestBase.ExecuteWithFailureCapture(String name, Action action) in E:\Project\Online-Sales-Management-System\Report Test subject\SV00123-ATU-A01\TestScript-Data\Automation\ui\OSMS.UITests\Support\UiTestBase.cs:line 46&#xD;
   at OSMS.UITests.Tests.ProductImportTests.ProductImportPreviewShowsExpectedValidAndInvalidCounts() in E:\Project\Online-Sales-Management-System\Report Test subject\SV00123-ATU-A01\TestScript-Data\Automation\ui\OSMS.UITests\Tests\ProductImportTests.cs:line 13&#xD;
   at System.RuntimeMethodHandle.InvokeMethod(Object target, Void** arguments, Signature sig, Boolean isConstructor)&#xD;
   at System.Reflection.MethodBaseInvoker.InvokeWithNoArgs(Object obj, BindingFlags invokeAttr)</StackTrace>
        </ErrorInfo>
      </Output>
    </UnitTestResult>
  </Results>
  <TestDefinitions>
    <UnitTest name="OSMS.UITests.Tests.ProductImportTests.ProductImportPreviewShowsExpectedValidAndInvalidCounts" storage="e:\project\online-sales-management-system\report test subject\sv00123-atu-a01\testscript-data\automation\ui\osms.uitests\bin\debug\net8.0\osms.uitests.dll" id="0dadd6a6-7976-33bb-c30e-075cf40852a5">
      <Execution id="b56af133-8df0-4060-ae82-b4dd770459f0" />
      <TestMethod codeBase="E:\Project\Online-Sales-Management-System\Report Test subject\SV00123-ATU-A01\TestScript-Data\Automation\ui\OSMS.UITests\bin\Debug\net8.0\OSMS.UITests.dll" adapterTypeName="executor://xunit/VsTestRunner2/netcoreapp" className="OSMS.UITests.Tests.ProductImportTests" name="ProductImportPreviewShowsExpectedValidAndInvalidCounts" />
    </UnitTest>
  </TestDefinitions>
  <TestEntries>
    <TestEntry testId="0dadd6a6-7976-33bb-c30e-075cf40852a5" executionId="b56af133-8df0-4060-ae82-b4dd770459f0" testListId="8c84fa94-04c1-424b-9868-57a2d4851a1d" />
  </TestEntries>
  <TestLists>
    <TestList name="Results Not in a List" id="8c84fa94-04c1-424b-9868-57a2d4851a1d" />
    <TestList name="All Loaded Results" id="19431567-8539-422a-85d7-44ee4e166bda" />
  </TestLists>
  <ResultSummary outcome="Failed">
    <Counters total="1" executed="1" passed="0" failed="1" error="0" timeout="0" aborted="0" inconclusive="0" passedButRunAborted="0" notRunnable="0" notExecuted="0" disconnected="0" warning="0" completed="0" inProgress="0" pending="0" />
    <Output>
      <StdOut>[xUnit.net 00:00:00.00] xUnit.net VSTest Adapter v2.5.3.1+6b60a9e56a (64-bit .NET 8.0.22)&#xD;
[xUnit.net 00:00:00.11]   Discovering: OSMS.UITests&#xD;
[xUnit.net 00:00:00.17]   Discovered:  OSMS.UITests&#xD;
[xUnit.net 00:00:00.18]   Starting:    OSMS.UITests&#xD;
[xUnit.net 00:00:22.15]       OpenQA.Selenium.WebDriverTimeoutException : Timed out after 15 seconds&#xD;
[xUnit.net 00:00:22.15]       Stack Trace:&#xD;
[xUnit.net 00:00:22.16]            at OpenQA.Selenium.Support.UI.DefaultWait`1.ThrowTimeoutException(String exceptionMessage, Exception lastException)&#xD;
[xUnit.net 00:00:22.16]            at OpenQA.Selenium.Support.UI.DefaultWait`1.Until[TResult](Func`2 condition, CancellationToken token)&#xD;
[xUnit.net 00:00:22.16]            at OpenQA.Selenium.Support.UI.DefaultWait`1.Until[TResult](Func`2 condition)&#xD;
[xUnit.net 00:00:22.16]         E:\Project\Online-Sales-Management-System\Report Test subject\SV00123-ATU-A01\TestScript-Data\Automation\ui\OSMS.UITests\Support\WaitHelper.cs(75,0): at OSMS.UITests.Support.WaitHelper.UrlContains(String fragment)&#xD;
[xUnit.net 00:00:22.16]         E:\Project\Online-Sales-Management-System\Report Test subject\SV00123-ATU-A01\TestScript-Data\Automation\ui\OSMS.UITests\Pages\ProductImportPage.cs(19,0): at OSMS.UITests.Pages.ProductImportPage.Open()&#xD;
[xUnit.net 00:00:22.16]         E:\Project\Online-Sales-Management-System\Report Test subject\SV00123-ATU-A01\TestScript-Data\Automation\ui\OSMS.UITests\Tests\ProductImportTests.cs(21,0): at OSMS.UITests.Tests.ProductImportTests.&lt;ProductImportPreviewShowsExpectedValidAndInvalidCounts&gt;b__0_0()&#xD;
[xUnit.net 00:00:22.16]         E:\Project\Online-Sales-Management-System\Report Test subject\SV00123-ATU-A01\TestScript-Data\Automation\ui\OSMS.UITests\Support\UiTestBase.cs(46,0): at OSMS.UITests.Support.UiTestBase.ExecuteWithFailureCapture(String name, Action action)&#xD;
[xUnit.net 00:00:22.16]         E:\Project\Online-Sales-Management-System\Report Test subject\SV00123-ATU-A01\TestScript-Data\Automation\ui\OSMS.UITests\Tests\ProductImportTests.cs(13,0): at OSMS.UITests.Tests.ProductImportTests.ProductImportPreviewShowsExpectedValidAndInvalidCounts()&#xD;
[xUnit.net 00:00:22.16]            at System.RuntimeMethodHandle.InvokeMethod(Object target, Void** arguments, Signature sig, Boolean isConstructor)&#xD;
[xUnit.net 00:00:22.16]            at System.Reflection.MethodBaseInvoker.InvokeWithNoArgs(Object obj, BindingFlags invokeAttr)&#xD;
[xUnit.net 00:00:22.17]   Finished:    OSMS.UITests&#xD;
</StdOut>
    </Output>
    <RunInfos>
      <RunInfo computerName="ALUCARD" outcome="Error" timestamp="2026-04-11T22:32:02.4763156+07:00">
        <Text>[xUnit.net 00:00:22.15]     OSMS.UITests.Tests.ProductImportTests.ProductImportPreviewShowsExpectedValidAndInvalidCounts [FAIL]</Text>
      </RunInfo>
    </RunInfos>
  </ResultSummary>
</TestRun>