<?xml version="1.0" encoding="UTF-8"?>
<testsuites name="OSMS API Automation" tests="19" time="2.215">
  <testsuite name="01 Health Smoke / TC-API-HLT-001 Health endpoint returns service availability metadata" id="a5327a75-0484-4aef-a2e6-11846420ef16" timestamp="2026-04-09T08:05:27.341Z" tests="2" failures="0" errors="0" time="0.032">
    <testcase name="Status code is 200" time="0.032" classname="01HealthSmokeTcApiHlt001HealthEndpointReturnsServiceAvailabilityMetadata"/>
    <testcase name="Health payload contains expected fields" time="0.032" classname="01HealthSmokeTcApiHlt001HealthEndpointReturnsServiceAvailabilityMetadata"/>
  </testsuite>
  <testsuite name="02 Catalog Happy Path / TC-API-CAT-001 Catalog products endpoint returns paginated active products with default parameters" id="37f12c23-49c8-47b3-8bef-2c469faa48d2" timestamp="2026-04-09T08:05:27.341Z" tests="2" failures="0" errors="0" time="0.267">
    <testcase name="Status code is 200" time="0.267" classname="02CatalogHappyPathTcApiCat001CatalogProductsEndpointReturnsPaginatedActiveProductsWithDefaultParameters"/>
    <testcase name="Paginated payload is returned" time="0.267" classname="02CatalogHappyPathTcApiCat001CatalogProductsEndpointReturnsPaginatedActiveProductsWithDefaultParameters"/>
  </testsuite>
  <testsuite name="02 Catalog Happy Path / TC-API-CAT-002 Catalog products endpoint supports search by SKU or product name" id="00f2fd78-b4b6-4895-ab7c-c67b711864dd" timestamp="2026-04-09T08:05:27.341Z" tests="2" failures="0" errors="0" time="0.268">
    <testcase name="Status code is 200" time="0.268" classname="02CatalogHappyPathTcApiCat002CatalogProductsEndpointSupportsSearchBySkuOrProductName"/>
    <testcase name="Search returns matching products only" time="0.268" classname="02CatalogHappyPathTcApiCat002CatalogProductsEndpointSupportsSearchBySkuOrProductName"/>
  </testsuite>
  <testsuite name="02 Catalog Happy Path / TC-API-CAT-003 Catalog products endpoint filters by valid categoryId" id="d0f9c6b2-f227-4c91-be6e-9d31cb36d17b" timestamp="2026-04-09T08:05:27.341Z" tests="2" failures="0" errors="0" time="0.248">
    <testcase name="Status code is 200" time="0.248" classname="02CatalogHappyPathTcApiCat003CatalogProductsEndpointFiltersByValidCategoryId"/>
    <testcase name="Every returned item matches the requested category when items are present" time="0.248" classname="02CatalogHappyPathTcApiCat003CatalogProductsEndpointFiltersByValidCategoryId"/>
  </testsuite>
  <testsuite name="02 Catalog Happy Path / TC-API-CAT-004 Catalog products endpoint filters by valid brandId" id="1cd336e3-c167-4299-a94a-a3e0e9d1f842" timestamp="2026-04-09T08:05:27.341Z" tests="2" failures="0" errors="0" time="0.249">
    <testcase name="Status code is 200" time="0.249" classname="02CatalogHappyPathTcApiCat004CatalogProductsEndpointFiltersByValidBrandId"/>
    <testcase name="Every returned item matches the requested brand when items are present" time="0.249" classname="02CatalogHappyPathTcApiCat004CatalogProductsEndpointFiltersByValidBrandId"/>
  </testsuite>
  <testsuite name="02 Catalog Happy Path / TC-API-CAT-005 Catalog products endpoint supports valid price range and sort parameters" id="b80f3d61-4479-4288-9f8a-370a74e9d9cd" timestamp="2026-04-09T08:05:27.341Z" tests="2" failures="0" errors="0" time="0.269">
    <testcase name="Status code is 200" time="0.269" classname="02CatalogHappyPathTcApiCat005CatalogProductsEndpointSupportsValidPriceRangeAndSortParameters"/>
    <testcase name="Prices stay inside the requested range and are sorted ascending" time="0.269" classname="02CatalogHappyPathTcApiCat005CatalogProductsEndpointSupportsValidPriceRangeAndSortParameters"/>
  </testsuite>
  <testsuite name="03 Catalog Validation And Negative / TC-API-CAT-006 Catalog products endpoint rejects page less than 1" id="389966ce-1a2c-4d82-b4b3-6c9a7ba603ad" timestamp="2026-04-09T08:05:27.341Z" tests="2" failures="0" errors="0" time="0.003">
    <testcase name="Status code is 400" time="0.003" classname="03CatalogValidationAndNegativeTcApiCat006CatalogProductsEndpointRejectsPageLessThan1"/>
    <testcase name="Validation payload targets page" time="0.003" classname="03CatalogValidationAndNegativeTcApiCat006CatalogProductsEndpointRejectsPageLessThan1"/>
  </testsuite>
  <testsuite name="03 Catalog Validation And Negative / TC-API-CAT-007 Catalog products endpoint rejects pageSize less than 1" id="8c826ed8-b508-4bd7-aded-53809994e0a0" timestamp="2026-04-09T08:05:27.341Z" tests="2" failures="0" errors="0" time="0.003">
    <testcase name="Status code is 400" time="0.003" classname="03CatalogValidationAndNegativeTcApiCat007CatalogProductsEndpointRejectsPageSizeLessThan1"/>
    <testcase name="Validation payload targets pageSize lower bound" time="0.003" classname="03CatalogValidationAndNegativeTcApiCat007CatalogProductsEndpointRejectsPageSizeLessThan1"/>
  </testsuite>
  <testsuite name="03 Catalog Validation And Negative / TC-API-CAT-008 Catalog products endpoint rejects pageSize greater than 100" id="ef57b6b9-0264-48aa-9aeb-ddc36f9806f6" timestamp="2026-04-09T08:05:27.341Z" tests="2" failures="0" errors="0" time="0.004">
    <testcase name="Status code is 400" time="0.004" classname="03CatalogValidationAndNegativeTcApiCat008CatalogProductsEndpointRejectsPageSizeGreaterThan100"/>
    <testcase name="Validation payload targets pageSize upper bound" time="0.004" classname="03CatalogValidationAndNegativeTcApiCat008CatalogProductsEndpointRejectsPageSizeGreaterThan100"/>
  </testsuite>
  <testsuite name="03 Catalog Validation And Negative / TC-API-CAT-009 Catalog products endpoint rejects negative minPrice" id="35397dcc-7c38-458f-a46b-44d76d510f31" timestamp="2026-04-09T08:05:27.341Z" tests="2" failures="0" errors="0" time="0.003">
    <testcase name="Status code is 400" time="0.003" classname="03CatalogValidationAndNegativeTcApiCat009CatalogProductsEndpointRejectsNegativeMinPrice"/>
    <testcase name="Validation payload targets minPrice" time="0.003" classname="03CatalogValidationAndNegativeTcApiCat009CatalogProductsEndpointRejectsNegativeMinPrice"/>
  </testsuite>
  <testsuite name="03 Catalog Validation And Negative / TC-API-CAT-010 Catalog products endpoint rejects negative maxPrice" id="ebbd651d-40b7-4a56-9601-8a6a82c7ad82" timestamp="2026-04-09T08:05:27.341Z" tests="2" failures="0" errors="0" time="0.002">
    <testcase name="Status code is 400" time="0.002" classname="03CatalogValidationAndNegativeTcApiCat010CatalogProductsEndpointRejectsNegativeMaxPrice"/>
    <testcase name="Validation payload targets maxPrice" time="0.002" classname="03CatalogValidationAndNegativeTcApiCat010CatalogProductsEndpointRejectsNegativeMaxPrice"/>
  </testsuite>
  <testsuite name="03 Catalog Validation And Negative / TC-API-CAT-011 Catalog products endpoint rejects minPrice greater than maxPrice" id="ccfaaa0d-1075-4de0-aee6-4ed0c0701c46" timestamp="2026-04-09T08:05:27.341Z" tests="2" failures="0" errors="0" time="0.002">
    <testcase name="Status code is 400" time="0.002" classname="03CatalogValidationAndNegativeTcApiCat011CatalogProductsEndpointRejectsMinPriceGreaterThanMaxPrice"/>
    <testcase name="Validation payload targets priceRange" time="0.002" classname="03CatalogValidationAndNegativeTcApiCat011CatalogProductsEndpointRejectsMinPriceGreaterThanMaxPrice"/>
  </testsuite>
  <testsuite name="03 Catalog Validation And Negative / TC-API-CAT-012 Catalog products endpoint rejects unsupported sort option" id="d170da40-5d3e-488c-a5c0-3788c0d00587" timestamp="2026-04-09T08:05:27.341Z" tests="2" failures="0" errors="0" time="0.003">
    <testcase name="Status code is 400" time="0.003" classname="03CatalogValidationAndNegativeTcApiCat012CatalogProductsEndpointRejectsUnsupportedSortOption"/>
    <testcase name="Validation payload targets sort" time="0.003" classname="03CatalogValidationAndNegativeTcApiCat012CatalogProductsEndpointRejectsUnsupportedSortOption"/>
  </testsuite>
  <testsuite name="03 Catalog Validation And Negative / TC-API-CAT-013 Catalog products endpoint rejects page value that exceeds total pages" id="b81912f6-7a17-4b06-ba08-9ffd9031aa62" timestamp="2026-04-09T08:05:27.341Z" tests="2" failures="0" errors="0" time="0.120">
    <testcase name="Status code is 400" time="0.120" classname="03CatalogValidationAndNegativeTcApiCat013CatalogProductsEndpointRejectsPageValueThatExceedsTotalPages"/>
    <testcase name="Validation payload targets page overflow" time="0.120" classname="03CatalogValidationAndNegativeTcApiCat013CatalogProductsEndpointRejectsPageValueThatExceedsTotalPages"/>
  </testsuite>
  <testsuite name="04 Product Detail / TC-API-CAT-014 Catalog product detail endpoint returns expected payload for valid active product" id="2a77929b-8991-4a08-bd43-b05b2522c0cf" timestamp="2026-04-09T08:05:27.341Z" tests="2" failures="0" errors="0" time="0.137">
    <testcase name="Status code is 200" time="0.137" classname="04ProductDetailTcApiCat014CatalogProductDetailEndpointReturnsExpectedPayloadForValidActiveProduct"/>
    <testcase name="Detail payload contains the expected schema" time="0.137" classname="04ProductDetailTcApiCat014CatalogProductDetailEndpointReturnsExpectedPayloadForValidActiveProduct"/>
  </testsuite>
  <testsuite name="04 Product Detail / TC-API-CAT-015 Catalog product detail endpoint rejects id less than or equal to zero" id="16c33f50-549a-4409-91ce-e464794cded5" timestamp="2026-04-09T08:05:27.341Z" tests="2" failures="0" errors="0" time="0.002">
    <testcase name="Status code is 400" time="0.002" classname="04ProductDetailTcApiCat015CatalogProductDetailEndpointRejectsIdLessThanOrEqualToZero"/>
    <testcase name="Validation payload targets id lower bound" time="0.002" classname="04ProductDetailTcApiCat015CatalogProductDetailEndpointRejectsIdLessThanOrEqualToZero"/>
  </testsuite>
  <testsuite name="04 Product Detail / TC-API-CAT-016 Catalog product detail endpoint returns not_found for unknown active product id" id="290378c7-3f3a-4785-bf97-f776d4ef4785" timestamp="2026-04-09T08:05:27.341Z" tests="2" failures="0" errors="0" time="0.126">
    <testcase name="Status code is 404" time="0.126" classname="04ProductDetailTcApiCat016CatalogProductDetailEndpointReturnsNotFoundForUnknownActiveProductId"/>
    <testcase name="Not found payload targets id" time="0.126" classname="04ProductDetailTcApiCat016CatalogProductDetailEndpointReturnsNotFoundForUnknownActiveProductId"/>
  </testsuite>
  <testsuite name="05 Trending And Filters / TC-API-CAT-017 Trending endpoint returns active trending categories and products" id="f5c7119c-b7d4-4599-b439-12b89dc0fb9d" timestamp="2026-04-09T08:05:27.341Z" tests="2" failures="0" errors="0" time="0.238">
    <testcase name="Status code is 200" time="0.238" classname="05TrendingAndFiltersTcApiCat017TrendingEndpointReturnsActiveTrendingCategoriesAndProducts"/>
    <testcase name="Trending payload returns categories and products arrays" time="0.238" classname="05TrendingAndFiltersTcApiCat017TrendingEndpointReturnsActiveTrendingCategoriesAndProducts"/>
  </testsuite>
  <testsuite name="05 Trending And Filters / TC-API-CAT-018 Filters endpoint returns active categories and brands with product counts" id="b4bc797f-c225-4a97-a338-4a4876187b42" timestamp="2026-04-09T08:05:27.341Z" tests="2" failures="0" errors="0" time="0.239">
    <testcase name="Status code is 200" time="0.239" classname="05TrendingAndFiltersTcApiCat018FiltersEndpointReturnsActiveCategoriesAndBrandsWithProductCounts"/>
    <testcase name="Filters payload contains category and brand lookups" time="0.239" classname="05TrendingAndFiltersTcApiCat018FiltersEndpointReturnsActiveCategoriesAndBrandsWithProductCounts"/>
  </testsuite>
</testsuites>